<?xml version="1.0" encoding="UTF-8"?>
<!-- Generated by org.testng.reporters.JUnitReportReporter -->
<testsuite hostname="DESKTOP-OU80H79" failures="0" tests="3" name="com.app.test.Parallel_Method2" time="0.036" errors="0" timestamp="13 Aug 2023 03:54:41 GMT" skipped="0">
  <testcase classname="com.app.test.Parallel_Method2" name="username" time="0.004"/>
  <testcase classname="com.app.test.Parallel_Method2" name="click" time="0.024"/>
  <testcase classname="com.app.test.Parallel_Method2" name="password" time="0.008"/>
</testsuite> <!-- com.app.test.Parallel_Method2 -->
