<?xml version="1.0" encoding="UTF-8"?>
<!-- Generated by org.testng.reporters.JUnitReportReporter -->
<testsuite hostname="DESKTOP-OU80H79" failures="0" tests="3" name="com.app.test.SampleOne" time="0.022" errors="0" timestamp="12 Aug 2023 04:31:15 GMT" skipped="0">
  <testcase classname="com.app.test.SampleOne" name="username" time="0.003"/>
  <testcase classname="com.app.test.SampleOne" name="click" time="0.016"/>
  <testcase classname="com.app.test.SampleOne" name="password" time="0.003"/>
</testsuite> <!-- com.app.test.SampleOne -->
