<?xml version="1.0" encoding="UTF-8"?>
<!-- Generated by org.testng.reporters.JUnitReportReporter -->
<testsuite hostname="DESKTOP-OU80H79" failures="0" tests="2" name="com.app.test.Test_Group2" time="0.015" errors="0" timestamp="13 Aug 2023 05:00:09 GMT" skipped="0">
  <testcase classname="com.app.test.Test_Group2" name="test7" time="0.002"/>
  <testcase classname="com.app.test.Test_Group2" name="test8" time="0.013"/>
</testsuite> <!-- com.app.test.Test_Group2 -->
