<?xml version="1.0" encoding="UTF-8"?>
<!-- Generated by org.testng.reporters.JUnitReportReporter -->
<testsuite hostname="DESKTOP-OU80H79" failures="0" tests="2" name="com.app.test.SampleTwo" time="0.019" errors="0" timestamp="12 Aug 2023 04:32:44 GMT" skipped="0">
  <testcase classname="com.app.test.SampleTwo" name="test3" time="0.003"/>
  <testcase classname="com.app.test.SampleTwo" name="test1" time="0.016"/>
</testsuite> <!-- com.app.test.SampleTwo -->
