<?xml version="1.0" encoding="UTF-8"?>
<!-- Generated by org.testng.reporters.JUnitReportReporter -->
<testsuite hostname="DESKTOP-OU80H79" failures="0" tests="2" name="com.app.test.Parallel_Test" time="0.037" errors="0" timestamp="13 Aug 2023 03:58:33 GMT" skipped="0">
  <testcase classname="com.app.test.Parallel_Test" name="test1" time="0.020"/>
  <testcase classname="com.app.test.Parallel_Test" name="test1" time="0.017"/>
</testsuite> <!-- com.app.test.Parallel_Test -->
