<?xml version="1.0" encoding="UTF-8"?>
<!-- Generated by org.testng.reporters.JUnitReportReporter -->
<testsuite hostname="DESKTOP-OU80H79" failures="0" tests="3" name="com.app.test.Parallel_Method" time="0.082" errors="0" timestamp="13 Aug 2023 03:48:46 GMT" skipped="0">
  <testcase classname="com.app.test.Parallel_Method" name="password" time="0.028"/>
  <testcase classname="com.app.test.Parallel_Method" name="click" time="0.028"/>
  <testcase classname="com.app.test.Parallel_Method" name="username" time="0.026"/>
</testsuite> <!-- com.app.test.Parallel_Method -->
