<?xml version="1.0" encoding="UTF-8"?>
<!-- Generated by org.testng.reporters.JUnitReportReporter -->
<testsuite hostname="DESKTOP-OU80H79" failures="0" tests="2" name="com.app.test.Test_Group1" time="0.035" errors="0" timestamp="13 Aug 2023 04:57:18 GMT" skipped="0">
  <testcase classname="com.app.test.Test_Group1" name="test3" time="0.004"/>
  <testcase classname="com.app.test.Test_Group1" name="test1" time="0.031"/>
</testsuite> <!-- com.app.test.Test_Group1 -->
