<?xml version="1.0" encoding="UTF-8"?>
<!-- Generated by org.testng.reporters.JUnitReportReporter -->
<testsuite hostname="DESKTOP-OU80H79" failures="0" tests="3" name="com.app.test.Parallel_Method1" time="0.042" errors="0" timestamp="13 Aug 2023 03:54:41 GMT" skipped="0">
  <testcase classname="com.app.test.Parallel_Method1" name="password" time="0.007"/>
  <testcase classname="com.app.test.Parallel_Method1" name="username" time="0.011"/>
  <testcase classname="com.app.test.Parallel_Method1" name="click" time="0.024"/>
</testsuite> <!-- com.app.test.Parallel_Method1 -->
