<?xml version="1.0" encoding="UTF-8"?>
<!-- Generated by org.testng.reporters.JUnitReportReporter -->
<testsuite hostname="DESKTOP-OU80H79" failures="0" tests="2" name="com.app.test.CrossBrowserTesting" time="18.639" errors="0" timestamp="13 Aug 2023 04:44:17 GMT" skipped="0">
  <testcase classname="com.app.test.CrossBrowserTesting" name="test1" time="8.949"/>
  <testcase classname="com.app.test.CrossBrowserTesting" name="test1" time="9.690"/>
</testsuite> <!-- com.app.test.CrossBrowserTesting -->
