<?xml version="1.0" encoding="UTF-8"?>
<!-- Generated by org.testng.reporters.JUnitReportReporter -->
<testsuite hostname="DESKTOP-OU80H79" failures="0" tests="2" name="com.app.test.Sample_Parameter" time="0.034" errors="0" timestamp="13 Aug 2023 03:11:19 GMT" skipped="0">
  <testcase classname="com.app.test.Sample_Parameter" name="test1" time="0.028"/>
  <testcase classname="com.app.test.Sample_Parameter" name="test2" time="0.006"/>
</testsuite> <!-- com.app.test.Sample_Parameter -->
