<?xml version="1.0" encoding="UTF-8"?>
<!-- Generated by org.testng.reporters.JUnitReportReporter -->
<testsuite hostname="DESKTOP-OU80H79" failures="0" tests="1" name="com.app.test.SampleOneAnn" time="0.006" errors="0" timestamp="12 Aug 2023 04:14:55 GMT" skipped="0">
  <testcase classname="com.app.test.SampleOneAnn" name="test1" time="0.006"/>
</testsuite> <!-- com.app.test.SampleOneAnn -->
