<?xml version="1.0" encoding="UTF-8"?>
<!-- Generated by org.testng.reporters.JUnitReportReporter -->
<testsuite hostname="DESKTOP-OU80H79" failures="0" tests="3" name="com.app.test.Test_Prio" time="0.034" errors="0" timestamp="12 Aug 2023 04:23:20 GMT" skipped="0">
  <testcase classname="com.app.test.Test_Prio" name="username" time="0.020"/>
  <testcase classname="com.app.test.Test_Prio" name="password" time="0.011"/>
  <testcase classname="com.app.test.Test_Prio" name="click" time="0.003"/>
</testsuite> <!-- com.app.test.Test_Prio -->
